[debug] [2021-06-19T21:03:38.508Z] ----------------------------------------------------------------------
[debug] [2021-06-19T21:03:38.510Z] Command:       /Users/miriamgrigsby/.nvm/versions/node/v13.7.0/bin/node /Users/miriamgrigsby/.nvm/versions/node/v13.7.0/bin/firebase init
[debug] [2021-06-19T21:03:38.510Z] CLI Version:   9.13.1
[debug] [2021-06-19T21:03:38.510Z] Platform:      darwin
[debug] [2021-06-19T21:03:38.510Z] Node Version:  v13.7.0
[debug] [2021-06-19T21:03:38.512Z] Time:          Sat Jun 19 2021 15:03:38 GMT-0600 (Mountain Daylight Time)
[debug] [2021-06-19T21:03:38.512Z] ----------------------------------------------------------------------
[debug] 
[debug] [2021-06-19T21:03:38.515Z] > command requires scopes: ["email","openid","https://www.googleapis.com/auth/cloudplatformprojects.readonly","https://www.googleapis.com/auth/firebase","https://www.googleapis.com/auth/cloud-platform"]
[debug] [2021-06-19T21:03:38.515Z] > authorizing via signed-in user (miriamgrigsby@gmail.com)
[info] 
     ######## #### ########  ######## ########     ###     ######  ########
     ##        ##  ##     ## ##       ##     ##  ##   ##  ##       ##
     ######    ##  ########  ######   ########  #########  ######  ######
     ##        ##  ##    ##  ##       ##     ## ##     ##       ## ##
     ##       #### ##     ## ######## ########  ##     ##  ######  ########

You're about to initialize a Firebase project in this directory:

  /Users/miriamgrigsby/joshua/fuzzy

[info] 
=== Project Setup
[info] 
[info] First, let's associate this project directory with a Firebase project.
[info] You can create multiple project aliases by running firebase use --add, 
[info] but for now we'll just set up a default project.
[info] 
[debug] [2021-06-19T21:03:42.161Z] >>> [apiv2][query] GET https://firebase.googleapis.com/v1beta1/projects pageSize=100
[debug] [2021-06-19T21:03:42.527Z] <<< [apiv2][status] GET https://firebase.googleapis.com/v1beta1/projects 200
[debug] [2021-06-19T21:03:42.527Z] <<< [apiv2][body] GET https://firebase.googleapis.com/v1beta1/projects [omitted]
[info] i  Using project fuzzy-coin (fuzzy-coin) 
[info] 
=== Hosting Setup
[info] 
[info] Your public directory is the folder (relative to your project directory) that
[info] will contain Hosting assets to be uploaded with firebase deploy. If you
[info] have a build process for your assets, use your build's output directory.
[info] 
[debug] [2021-06-19T21:04:27.436Z] >>> [apiv2][query] GET https://www.gstatic.com/firebasejs/releases.json [none]
[debug] [2021-06-19T21:04:27.541Z] <<< [apiv2][status] GET https://www.gstatic.com/firebasejs/releases.json 200
[debug] [2021-06-19T21:04:27.541Z] <<< [apiv2][body] GET https://www.gstatic.com/firebasejs/releases.json {"current":{"version":"8.6.8","browserURL":"https://www.gstatic.com/firebasejs/8.6.8/firebase.js","packageURL":"https://www.gstatic.com/firebasejs/8.6.8/firebase.tgz"},"live":{"version":"8.6","browserURL":"https://www.gstatic.com/firebasejs/live/8.6/firebase.js","packageURL":"https://www.gstatic.com/firebasejs/live/8.6/firebase.tgz"},"components":{"analytics":"https://www.gstatic.com/firebasejs/8.6.8/firebase-analytics.js","app":"https://www.gstatic.com/firebasejs/8.6.8/firebase-app.js","app-check":"https://www.gstatic.com/firebasejs/8.6.8/firebase-app-check.js","auth":"https://www.gstatic.com/firebasejs/8.6.8/firebase-auth.js","database":"https://www.gstatic.com/firebasejs/8.6.8/firebase-database.js","firestore":"https://www.gstatic.com/firebasejs/8.6.8/firebase-firestore.js","functions":"https://www.gstatic.com/firebasejs/8.6.8/firebase-functions.js","installations":"https://www.gstatic.com/firebasejs/8.6.8/firebase-installations.js","messaging":"https://www.gstatic.com/firebasejs/8.6.8/firebase-messaging.js","storage":"https://www.gstatic.com/firebasejs/8.6.8/firebase-storage.js","performance":"https://www.gstatic.com/firebasejs/8.6.8/firebase-performance.js","remote-config":"https://www.gstatic.com/firebasejs/8.6.8/firebase-remote-config.js","firestore.memory":"https://www.gstatic.com/firebasejs/8.6.8/firebase-firestore.memory.js"}}
[info] ✔  Wrote build/index.html 
[info] 
[info] i  Detected a .git folder at /Users/miriamgrigsby/joshua/fuzzy 
[info] i  Authorizing with GitHub to upload your service account to a GitHub repository's secrets store. 
[info] 
[info] Visit this URL on this device to log in:
[info] https://github.com/login/oauth/authorize?client_id=89cf50f02ac6aaed3484&state=1010517293&redirect_uri=http%3A%2F%2Flocalhost%3A9005&scope=read%3Auser%20repo%20public_repo
[info] 
[info] Waiting for authentication...
[debug] [2021-06-19T21:04:27.956Z] >>> HTTP REQUEST POST https://github.com/login/oauth/access_token  
 {"client_id":"89cf50f02ac6aaed3484","client_secret":"3330d14abc895d9a74d5f17cd7a00711fa2c5bf0","code":"e15e204589afa2abd8e0","redirect_uri":"http://localhost:9005","state":"1010517293"}
[debug] [2021-06-19T21:04:28.226Z] <<< HTTP RESPONSE 200 {"server":"GitHub.com","date":"Sat, 19 Jun 2021 21:04:28 GMT","content-type":"application/json; charset=utf-8","transfer-encoding":"chunked","vary":"X-PJAX, Accept-Encoding, Accept, X-Requested-With","permissions-policy":"interest-cohort=()","etag":"W/\"84057cf1a1d35c2344fb93184edb987b\"","cache-control":"max-age=0, private, must-revalidate","strict-transport-security":"max-age=31536000; includeSubdomains; preload","x-frame-options":"deny","x-content-type-options":"nosniff","x-xss-protection":"0","referrer-policy":"origin-when-cross-origin, strict-origin-when-cross-origin","expect-ct":"max-age=2592000, report-uri=\"https://api.github.com/_private/browser/errors\"","content-security-policy":"default-src 'none'; base-uri 'self'; block-all-mixed-content; connect-src 'self' uploads.github.com www.githubstatus.com collector.githubapp.com api.github.com github-cloud.s3.amazonaws.com github-production-repository-file-5c1aeb.s3.amazonaws.com github-production-upload-manifest-file-7fdce7.s3.amazonaws.com github-production-user-asset-6210df.s3.amazonaws.com cdn.optimizely.com logx.optimizely.com/v1/events translator.github.com wss://alive.github.com; font-src github.githubassets.com; form-action 'self' github.com gist.github.com; frame-ancestors 'none'; frame-src render.githubusercontent.com; img-src 'self' data: github.githubassets.com identicons.github.com collector.githubapp.com github-cloud.s3.amazonaws.com secured-user-images.githubusercontent.com/ *.githubusercontent.com; manifest-src 'self'; media-src 'none'; script-src github.githubassets.com; style-src 'unsafe-inline' github.githubassets.com; worker-src github.com/socket-worker-3f088aa2.js gist.github.com/socket-worker-3f088aa2.js","x-github-request-id":"E233:4674:3A91E6E:4DC8479:60CE5BDC"}
[debug] [2021-06-19T21:04:28.231Z] >>> [apiv2][query] GET https://api.github.com/user [none]
[debug] [2021-06-19T21:04:28.558Z] <<< [apiv2][status] GET https://api.github.com/user 200
[debug] [2021-06-19T21:04:28.558Z] <<< [apiv2][body] GET https://api.github.com/user {"login":"miriamgrigsby","id":57116495,"node_id":"MDQ6VXNlcjU3MTE2NDk1","avatar_url":"https://avatars.githubusercontent.com/u/57116495?v=4","gravatar_id":"","url":"https://api.github.com/users/miriamgrigsby","html_url":"https://github.com/miriamgrigsby","followers_url":"https://api.github.com/users/miriamgrigsby/followers","following_url":"https://api.github.com/users/miriamgrigsby/following{/other_user}","gists_url":"https://api.github.com/users/miriamgrigsby/gists{/gist_id}","starred_url":"https://api.github.com/users/miriamgrigsby/starred{/owner}{/repo}","subscriptions_url":"https://api.github.com/users/miriamgrigsby/subscriptions","organizations_url":"https://api.github.com/users/miriamgrigsby/orgs","repos_url":"https://api.github.com/users/miriamgrigsby/repos","events_url":"https://api.github.com/users/miriamgrigsby/events{/privacy}","received_events_url":"https://api.github.com/users/miriamgrigsby/received_events","type":"User","site_admin":false,"name":null,"company":"CyberGRX","blog":"","location":"Denver, CO","email":null,"hireable":null,"bio":"Full-Stack Software Engineer","twitter_username":null,"public_repos":24,"public_gists":0,"followers":10,"following":1,"created_at":"2019-10-28T22:03:05Z","updated_at":"2021-06-16T00:30:52Z","private_gists":0,"total_private_repos":3,"owned_private_repos":2,"disk_usage":192117,"collaborators":0,"two_factor_authentication":true,"plan":{"name":"free","space":976562499,"collaborators":0,"private_repos":10000}}
[info] 
[info] ✔  Success! Logged into GitHub as miriamgrigsby 
[info] 
